#
# There is insufficient memory for the Java Runtime Environment to continue.
# Native memory allocation (malloc) failed to allocate 1099936 bytes. Error detail: Chunk::new
# Possible reasons:
#   The system is out of physical RAM or swap space
#   This process is running with CompressedOops enabled, and the Java Heap may be blocking the growth of the native heap
# Possible solutions:
#   Reduce memory load on the system
#   Increase physical memory or swap space
#   Check if swap backing store is full
#   Decrease Java heap size (-Xmx/-Xms)
#   Decrease number of Java threads
#   Decrease Java thread stack sizes (-Xss)
#   Set larger code cache with -XX:ReservedCodeCacheSize=
#   JVM is running with Unscaled Compressed Oops mode in which the Java heap is
#     placed in the first 4GB address space. The Java Heap base address is the
#     maximum limit for the native heap growth. Please use -XX:HeapBaseMinAddress
#     to set the Java Heap base and to place the Java Heap above 4GB virtual address.
# This output file may be truncated or incomplete.
#
#  Out of Memory Error (arena.cpp:191), pid=11572, tid=10504
#
# JRE version: OpenJDK Runtime Environment Temurin-17.0.11+9 (17.0.11+9) (build 17.0.11+9)
# Java VM: OpenJDK 64-Bit Server VM Temurin-17.0.11+9 (17.0.11+9, mixed mode, tiered, compressed oops, compressed class ptrs, parallel gc, windows-amd64)
# No core dump will be written. Minidumps are not enabled by default on client versions of Windows
#

---------------  S U M M A R Y ------------

Command Line: --add-modules=ALL-SYSTEM --add-opens=java.base/java.util=ALL-UNNAMED --add-opens=java.base/java.lang=ALL-UNNAMED --add-opens=java.base/sun.nio.fs=ALL-UNNAMED -Declipse.application=org.eclipse.jdt.ls.core.id1 -Dosgi.bundles.defaultStartLevel=4 -Declipse.product=org.eclipse.jdt.ls.core.product -Djava.import.generatesMetadataFilesAtProjectRoot=false -DDetectVMInstallationsJob.disabled=true -Dfile.encoding=utf8 -XX:+UseParallelGC -XX:GCTimeRatio=4 -XX:AdaptiveSizePolicyWeight=90 -Dsun.zip.disableMemoryMapping=true -Xmx1G -Xms100m -Xlog:disable -javaagent:c:\Users\Usuario\.vscode\extensions\redhat.java-1.32.0-win32-x64\lombok\lombok-1.18.33.jar c:\Users\Usuario\.vscode\extensions\redhat.java-1.32.0-win32-x64\server\plugins\org.eclipse.equinox.launcher_1.6.900.v20240613-2009.jar -configuration c:\Users\Usuario\AppData\Roaming\Code\User\globalStorage\redhat.java\1.32.0\config_ss_win -data c:\Users\Usuario\AppData\Roaming\Code\User\workspaceStorage\017133b3fa262b6b2ea1eec37e442b43\redhat.java\ss_ws --pipe=\\.\pipe\lsp-74d5ce3dd08e9a4c99b35a307b838336-sock

Host: Intel(R) Core(TM) i5-8250U CPU @ 1.60GHz, 8 cores, 7G,  Windows 10 , 64 bit Build 19041 (10.0.19041.4597)
Time: Wed Jul 17 17:49:54 2024 Hora est. Pacífico, Sudamérica elapsed time: 6.817377 seconds (0d 0h 0m 6s)

---------------  T H R E A D  ---------------

Current thread (0x000001fe12db8110):  JavaThread "C2 CompilerThread1" daemon [_thread_in_native, id=10504, stack(0x000000ba52300000,0x000000ba52400000)]


Current CompileTask:
C2:   6817 4146   !   4       org.eclipse.osgi.internal.loader.classpath.ClasspathManager::findLocalClass (210 bytes)

Stack: [0x000000ba52300000,0x000000ba52400000]
Native frames: (J=compiled Java code, j=interpreted, Vv=VM code, C=native code)
V  [jvm.dll+0x67d429]
V  [jvm.dll+0x834b7a]
V  [jvm.dll+0x83663e]
V  [jvm.dll+0x836ca3]
V  [jvm.dll+0x247dbf]
V  [jvm.dll+0xac534]
V  [jvm.dll+0xacb7c]
V  [jvm.dll+0x2af2cf]
V  [jvm.dll+0x5848b7]
V  [jvm.dll+0x222d82]
V  [jvm.dll+0x22317f]
V  [jvm.dll+0x21c2a0]
V  [jvm.dll+0x2197a1]
V  [jvm.dll+0x1a534d]
V  [jvm.dll+0x2295cd]
V  [jvm.dll+0x22779c]
V  [jvm.dll+0x7e9d07]
V  [jvm.dll+0x7e410a]
V  [jvm.dll+0x67c315]
C  [ucrtbase.dll+0x21bb2]
C  [KERNEL32.DLL+0x17374]
C  [ntdll.dll+0x4cc91]


---------------  P R O C E S S  ---------------

Threads class SMR info:
_java_thread_list=0x000001fe0ade4ff0, length=37, elements={
0x000001fe6c375170, 0x000001fe6c42cb90, 0x000001fe6c42e840, 0x000001fe0749d7d0,
0x000001fe0749e650, 0x000001fe074a7860, 0x000001fe074a99d0, 0x000001fe074afa20,
0x000001fe074b0740, 0x000001fe074b1460, 0x000001fe6c3d74a0, 0x000001fe08413890,
0x000001fe08c5c5a0, 0x000001fe090967a0, 0x000001fe09139a50, 0x000001fe08cd45d0,
0x000001fe08cb10b0, 0x000001fe08fa0e50, 0x000001fe08fa0430, 0x000001fe08f9f500,
0x000001fe08f9fa10, 0x000001fe08fa1870, 0x000001fe08f9ff20, 0x000001fe08fa1d80,
0x000001fe08fa2290, 0x000001fe08fa0940, 0x000001fe08fa27a0, 0x000001fe08f9eff0,
0x000001fe097c3dc0, 0x000001fe097c0610, 0x000001fe097c42d0, 0x000001fe097c2e90,
0x000001fe097c6b50, 0x000001fe097c1540, 0x000001fe097c5710, 0x000001fe097c4cf0,
0x000001fe12db8110
}

Java Threads: ( => current thread )
  0x000001fe6c375170 JavaThread "main" [_thread_blocked, id=11380, stack(0x000000ba4f500000,0x000000ba4f600000)]
  0x000001fe6c42cb90 JavaThread "Reference Handler" daemon [_thread_blocked, id=9856, stack(0x000000ba4f800000,0x000000ba4f900000)]
  0x000001fe6c42e840 JavaThread "Finalizer" daemon [_thread_blocked, id=5088, stack(0x000000ba4f900000,0x000000ba4fa00000)]
  0x000001fe0749d7d0 JavaThread "Signal Dispatcher" daemon [_thread_blocked, id=16076, stack(0x000000ba4fa00000,0x000000ba4fb00000)]
  0x000001fe0749e650 JavaThread "Attach Listener" daemon [_thread_blocked, id=2336, stack(0x000000ba4fb00000,0x000000ba4fc00000)]
  0x000001fe074a7860 JavaThread "Service Thread" daemon [_thread_blocked, id=13380, stack(0x000000ba4fc00000,0x000000ba4fd00000)]
  0x000001fe074a99d0 JavaThread "Monitor Deflation Thread" daemon [_thread_blocked, id=272, stack(0x000000ba4fd00000,0x000000ba4fe00000)]
  0x000001fe074afa20 JavaThread "C2 CompilerThread0" daemon [_thread_in_native, id=15632, stack(0x000000ba4fe00000,0x000000ba4ff00000)]
  0x000001fe074b0740 JavaThread "C1 CompilerThread0" daemon [_thread_blocked, id=6164, stack(0x000000ba4ff00000,0x000000ba50000000)]
  0x000001fe074b1460 JavaThread "Sweeper thread" daemon [_thread_blocked, id=1464, stack(0x000000ba50000000,0x000000ba50100000)]
  0x000001fe6c3d74a0 JavaThread "Common-Cleaner" daemon [_thread_blocked, id=14332, stack(0x000000ba50100000,0x000000ba50200000)]
  0x000001fe08413890 JavaThread "Notification Thread" daemon [_thread_blocked, id=8704, stack(0x000000ba50300000,0x000000ba50400000)]
  0x000001fe08c5c5a0 JavaThread "Active Thread: Equinox Container: b07a87be-c0af-4183-89e2-13e76c393cec" [_thread_blocked, id=13568, stack(0x000000ba50c00000,0x000000ba50d00000)]
  0x000001fe090967a0 JavaThread "Framework Event Dispatcher: Equinox Container: b07a87be-c0af-4183-89e2-13e76c393cec" daemon [_thread_blocked, id=6328, stack(0x000000ba50d00000,0x000000ba50e00000)]
  0x000001fe09139a50 JavaThread "Start Level: Equinox Container: b07a87be-c0af-4183-89e2-13e76c393cec" daemon [_thread_blocked, id=5836, stack(0x000000ba50e00000,0x000000ba50f00000)]
  0x000001fe08cd45d0 JavaThread "SCR Component Actor" daemon [_thread_blocked, id=11896, stack(0x000000ba50f00000,0x000000ba51000000)]
  0x000001fe08cb10b0 JavaThread "SCR Component Registry" daemon [_thread_blocked, id=12556, stack(0x000000ba50500000,0x000000ba50600000)]
  0x000001fe08fa0e50 JavaThread "Worker-JM" [_thread_blocked, id=11816, stack(0x000000ba51100000,0x000000ba51200000)]
  0x000001fe08fa0430 JavaThread "Worker-0" [_thread_blocked, id=11948, stack(0x000000ba51200000,0x000000ba51300000)]
  0x000001fe08f9f500 JavaThread "Worker-1" [_thread_blocked, id=11696, stack(0x000000ba51300000,0x000000ba51400000)]
  0x000001fe08f9fa10 JavaThread "JNA Cleaner" daemon [_thread_blocked, id=11316, stack(0x000000ba51500000,0x000000ba51600000)]
  0x000001fe08fa1870 JavaThread "Thread-2" daemon [_thread_in_native, id=14908, stack(0x000000ba51400000,0x000000ba51500000)]
  0x000001fe08f9ff20 JavaThread "Thread-3" daemon [_thread_in_native, id=14220, stack(0x000000ba51800000,0x000000ba51900000)]
  0x000001fe08fa1d80 JavaThread "Thread-4" daemon [_thread_in_native, id=14916, stack(0x000000ba51900000,0x000000ba51a00000)]
  0x000001fe08fa2290 JavaThread "Thread-5" daemon [_thread_in_native, id=16024, stack(0x000000ba51a00000,0x000000ba51b00000)]
  0x000001fe08fa0940 JavaThread "Thread-6" daemon [_thread_in_native, id=6744, stack(0x000000ba51b00000,0x000000ba51c00000)]
  0x000001fe08fa27a0 JavaThread "Thread-7" daemon [_thread_in_native, id=2984, stack(0x000000ba51c00000,0x000000ba51d00000)]
  0x000001fe08f9eff0 JavaThread "Thread-8" daemon [_thread_in_native, id=14648, stack(0x000000ba51d00000,0x000000ba51e00000)]
  0x000001fe097c3dc0 JavaThread "Thread-9" daemon [_thread_in_native, id=11168, stack(0x000000ba51e00000,0x000000ba51f00000)]
  0x000001fe097c0610 JavaThread "Thread-10" daemon [_thread_in_native, id=1436, stack(0x000000ba51f00000,0x000000ba52000000)]
  0x000001fe097c42d0 JavaThread "pool-2-thread-1" [_thread_blocked, id=12328, stack(0x000000ba52000000,0x000000ba52100000)]
  0x000001fe097c2e90 JavaThread "WorkspaceEventsHandler" [_thread_blocked, id=6436, stack(0x000000ba52100000,0x000000ba52200000)]
  0x000001fe097c6b50 JavaThread "pool-1-thread-1" [_thread_blocked, id=16308, stack(0x000000ba52200000,0x000000ba52300000)]
  0x000001fe097c1540 JavaThread "Worker-2" [_thread_blocked, id=12512, stack(0x000000ba52400000,0x000000ba52500000)]
  0x000001fe097c5710 JavaThread "Worker-3" [_thread_blocked, id=14288, stack(0x000000ba52500000,0x000000ba52600000)]
  0x000001fe097c4cf0 JavaThread "Worker-4" [_thread_blocked, id=11468, stack(0x000000ba52600000,0x000000ba52700000)]
=>0x000001fe12db8110 JavaThread "C2 CompilerThread1" daemon [_thread_in_native, id=10504, stack(0x000000ba52300000,0x000000ba52400000)]

Other Threads:
  0x000001fe07460090 VMThread "VM Thread" [stack: 0x000000ba4f700000,0x000000ba4f800000] [id=12968]
  0x000001fe08411090 WatcherThread [stack: 0x000000ba50400000,0x000000ba50500000] [id=10192]
  0x000001fe6c388a60 GCTaskThread "GC Thread#0" [stack: 0x000000ba4f600000,0x000000ba4f700000] [id=14388]
  0x000001fe08a69f40 GCTaskThread "GC Thread#1" [stack: 0x000000ba50600000,0x000000ba50700000] [id=13812]
  0x000001fe08a6a200 GCTaskThread "GC Thread#2" [stack: 0x000000ba50700000,0x000000ba50800000] [id=12432]
  0x000001fe08b99850 GCTaskThread "GC Thread#3" [stack: 0x000000ba50800000,0x000000ba50900000] [id=4228]
  0x000001fe08b99b10 GCTaskThread "GC Thread#4" [stack: 0x000000ba50900000,0x000000ba50a00000] [id=10120]
  0x000001fe08b99dd0 GCTaskThread "GC Thread#5" [stack: 0x000000ba50a00000,0x000000ba50b00000] [id=620]
  0x000001fe088e6630 GCTaskThread "GC Thread#6" [stack: 0x000000ba50b00000,0x000000ba50c00000] [id=8984]
  0x000001fe08ce92f0 GCTaskThread "GC Thread#7" [stack: 0x000000ba51000000,0x000000ba51100000] [id=14272]

Threads with active compile tasks:
C2 CompilerThread0     6868 4307       4       java.lang.invoke.MethodType::makeImpl (109 bytes)
C2 CompilerThread1     6869 4146   !   4       org.eclipse.osgi.internal.loader.classpath.ClasspathManager::findLocalClass (210 bytes)

VM state: not at safepoint (normal execution)

VM Mutex/Monitor currently owned by a thread: None

Heap address: 0x00000000c0000000, size: 1024 MB, Compressed Oops mode: 32-bit

CDS archive(s) not mapped
Compressed class space mapped at: 0x0000000100000000-0x0000000140000000, reserved size: 1073741824
Narrow klass base: 0x0000000000000000, Narrow klass shift: 3, Narrow klass range: 0x140000000

GC Precious Log:
 CPUs: 8 total, 8 available
 Memory: 8074M
 Large Page Support: Disabled
 NUMA Support: Disabled
 Compressed Oops: Enabled (32-bit)
 Alignments: Space 512K, Generation 512K, Heap 2M
 Heap Min Capacity: 100M
 Heap Initial Capacity: 100M
 Heap Max Capacity: 1G
 Pre-touch: Disabled
 Parallel Workers: 8

Heap:
 PSYoungGen      total 23552K, used 16672K [0x00000000eab00000, 0x00000000ec480000, 0x0000000100000000)
  eden space 22016K, 69% used [0x00000000eab00000,0x00000000eb9e2568,0x00000000ec080000)
  from space 1536K, 93% used [0x00000000ec080000,0x00000000ec1e5ac0,0x00000000ec200000)
  to   space 2048K, 0% used [0x00000000ec280000,0x00000000ec280000,0x00000000ec480000)
 ParOldGen       total 68608K, used 25016K [0x00000000c0000000, 0x00000000c4300000, 0x00000000eab00000)
  object space 68608K, 36% used [0x00000000c0000000,0x00000000c186e110,0x00000000c4300000)
 Metaspace       used 44664K, committed 45440K, reserved 1114112K
  class space    used 4545K, committed 4928K, reserved 1048576K

Card table byte_map: [0x000001fe7fa00000,0x000001fe7fc10000] _byte_map_base: 0x000001fe7f400000

Marking Bits: (ParMarkBitMap*) 0x00007ffce908d820
 Begin Bits: [0x000001fe00000000, 0x000001fe01000000)
 End Bits:   [0x000001fe01000000, 0x000001fe02000000)

Polling page: 0x000001fe6c430000

Metaspace:

Usage:
  Non-class:     39.18 MB used.
      Class:      4.44 MB used.
       Both:     43.62 MB used.

Virtual space:
  Non-class space:       64.00 MB reserved,      39.56 MB ( 62%) committed,  1 nodes.
      Class space:        1.00 GB reserved,       4.81 MB ( <1%) committed,  1 nodes.
             Both:        1.06 GB reserved,      44.38 MB (  4%) committed. 

Chunk freelists:
   Non-Class:  7.69 MB
       Class:  11.23 MB
        Both:  18.92 MB

MaxMetaspaceSize: unlimited
CompressedClassSpaceSize: 1.00 GB
Initial GC threshold: 21.00 MB
Current GC threshold: 58.38 MB
CDS: off
MetaspaceReclaimPolicy: balanced
 - commit_granule_bytes: 65536.
 - commit_granule_words: 8192.
 - virtual_space_node_default_size: 8388608.
 - enlarge_chunks_in_place: 1.
 - new_chunks_are_fully_committed: 0.
 - uncommit_free_chunks: 1.
 - use_allocation_guard: 0.
 - handle_deallocations: 1.


Internal statistics:

num_allocs_failed_limit: 6.
num_arena_births: 402.
num_arena_deaths: 14.
num_vsnodes_births: 2.
num_vsnodes_deaths: 0.
num_space_committed: 710.
num_space_uncommitted: 0.
num_chunks_returned_to_freelist: 20.
num_chunks_taken_from_freelist: 1891.
num_chunk_merges: 8.
num_chunk_splits: 1228.
num_chunks_enlarged: 822.
num_inconsistent_stats: 0.

CodeHeap 'non-profiled nmethods': size=120000Kb used=2352Kb max_used=2352Kb free=117647Kb
 bounds [0x000001fe782f0000, 0x000001fe78560000, 0x000001fe7f820000]
CodeHeap 'profiled nmethods': size=120000Kb used=8924Kb max_used=8924Kb free=111075Kb
 bounds [0x000001fe70820000, 0x000001fe710e0000, 0x000001fe77d50000]
CodeHeap 'non-nmethods': size=5760Kb used=1323Kb max_used=1376Kb free=4436Kb
 bounds [0x000001fe77d50000, 0x000001fe77fc0000, 0x000001fe782f0000]
 total_blobs=4976 nmethods=4310 adapters=579
 compilation: enabled
              stopped_count=0, restarted_count=0
 full_count=0

Compilation events (20 events):
Event: 6.795 Thread 0x000001fe074b0740 4294       3       org.eclipse.core.internal.resources.Container::<init> (7 bytes)
Event: 6.796 Thread 0x000001fe074afa20 4295       4       java.lang.String::<init> (10 bytes)
Event: 6.796 Thread 0x000001fe074b0740 nmethod 4294 0x000001fe710cc510 code [0x000001fe710cc6c0, 0x000001fe710cc988]
Event: 6.796 Thread 0x000001fe074b0740 4296       3       java.lang.Boolean::parseBoolean (7 bytes)
Event: 6.796 Thread 0x000001fe074b0740 nmethod 4296 0x000001fe710ccb10 code [0x000001fe710ccca0, 0x000001fe710ccdc8]
Event: 6.798 Thread 0x000001fe074b0740 4297       3       java.util.regex.Pattern$Slice::match (79 bytes)
Event: 6.798 Thread 0x000001fe074b0740 nmethod 4297 0x000001fe710cce90 code [0x000001fe710cd060, 0x000001fe710cd4f8]
Event: 6.799 Thread 0x000001fe074afa20 nmethod 4295 0x000001fe7853ae10 code [0x000001fe7853afa0, 0x000001fe7853b358]
Event: 6.806 Thread 0x000001fe074b0740 4298       3       org.eclipse.core.internal.resources.Workspace::newResource (168 bytes)
Event: 6.808 Thread 0x000001fe074b0740 nmethod 4298 0x000001fe710cd690 code [0x000001fe710cda00, 0x000001fe710cede8]
Event: 6.809 Thread 0x000001fe074b0740 4299       3       java.util.concurrent.ConcurrentLinkedQueue::updateHead (26 bytes)
Event: 6.809 Thread 0x000001fe074afa20 4300       4       org.eclipse.core.runtime.Path::segment (17 bytes)
Event: 6.810 Thread 0x000001fe074afa20 nmethod 4300 0x000001fe7853b510 code [0x000001fe7853b680, 0x000001fe7853b738]
Event: 6.811 Thread 0x000001fe074b0740 nmethod 4299 0x000001fe710cf610 code [0x000001fe710cf9a0, 0x000001fe710d12f8]
Event: 6.811 Thread 0x000001fe074b0740 4301       3       org.eclipse.core.internal.events.ResourceDelta::getKind (9 bytes)
Event: 6.811 Thread 0x000001fe074b0740 nmethod 4301 0x000001fe710d1a10 code [0x000001fe710d1ba0, 0x000001fe710d1cb8]
Event: 6.812 Thread 0x000001fe074b0740 4302       3       org.eclipse.jdt.internal.core.OverflowingLRUCache::updateTimestamp (43 bytes)
Event: 6.812 Thread 0x000001fe074b0740 nmethod 4302 0x000001fe710d1d90 code [0x000001fe710d1f40, 0x000001fe710d2338]
Event: 6.813 Thread 0x000001fe074b0740 4303       3       org.eclipse.jdt.internal.compiler.parser.Scanner::scanIdentifierOrKeywordWithBoundCheck (196 bytes)
Event: 6.814 Thread 0x000001fe074b0740 nmethod 4303 0x000001fe710d2490 code [0x000001fe710d26a0, 0x000001fe710d2f18]

GC Heap History (20 events):
Event: 4.243 GC heap before
{Heap before GC invocations=10 (full 1):
 PSYoungGen      total 27648K, used 10431K [0x00000000eab00000, 0x00000000eca80000, 0x0000000100000000)
  eden space 23552K, 28% used [0x00000000eab00000,0x00000000eb180400,0x00000000ec200000)
  from space 4096K, 92% used [0x00000000ec680000,0x00000000eca2fa28,0x00000000eca80000)
  to   space 4096K, 0% used [0x00000000ec280000,0x00000000ec280000,0x00000000ec680000)
 ParOldGen       total 68608K, used 8562K [0x00000000c0000000, 0x00000000c4300000, 0x00000000eab00000)
  object space 68608K, 12% used [0x00000000c0000000,0x00000000c085c9d0,0x00000000c4300000)
 Metaspace       used 35177K, committed 35840K, reserved 1114112K
  class space    used 3523K, committed 3840K, reserved 1048576K
}
Event: 4.246 GC heap after
{Heap after GC invocations=10 (full 1):
 PSYoungGen      total 27136K, used 3343K [0x00000000eab00000, 0x00000000ec900000, 0x0000000100000000)
  eden space 23552K, 0% used [0x00000000eab00000,0x00000000eab00000,0x00000000ec200000)
  from space 3584K, 93% used [0x00000000ec280000,0x00000000ec5c3cc8,0x00000000ec600000)
  to   space 3072K, 0% used [0x00000000ec600000,0x00000000ec600000,0x00000000ec900000)
 ParOldGen       total 68608K, used 9595K [0x00000000c0000000, 0x00000000c4300000, 0x00000000eab00000)
  object space 68608K, 13% used [0x00000000c0000000,0x00000000c095ed68,0x00000000c4300000)
 Metaspace       used 35177K, committed 35840K, reserved 1114112K
  class space    used 3523K, committed 3840K, reserved 1048576K
}
Event: 4.246 GC heap before
{Heap before GC invocations=11 (full 2):
 PSYoungGen      total 27136K, used 3343K [0x00000000eab00000, 0x00000000ec900000, 0x0000000100000000)
  eden space 23552K, 0% used [0x00000000eab00000,0x00000000eab00000,0x00000000ec200000)
  from space 3584K, 93% used [0x00000000ec280000,0x00000000ec5c3cc8,0x00000000ec600000)
  to   space 3072K, 0% used [0x00000000ec600000,0x00000000ec600000,0x00000000ec900000)
 ParOldGen       total 68608K, used 9595K [0x00000000c0000000, 0x00000000c4300000, 0x00000000eab00000)
  object space 68608K, 13% used [0x00000000c0000000,0x00000000c095ed68,0x00000000c4300000)
 Metaspace       used 35177K, committed 35840K, reserved 1114112K
  class space    used 3523K, committed 3840K, reserved 1048576K
}
Event: 4.270 GC heap after
{Heap after GC invocations=11 (full 2):
 PSYoungGen      total 27136K, used 0K [0x00000000eab00000, 0x00000000ec900000, 0x0000000100000000)
  eden space 23552K, 0% used [0x00000000eab00000,0x00000000eab00000,0x00000000ec200000)
  from space 3584K, 0% used [0x00000000ec280000,0x00000000ec280000,0x00000000ec600000)
  to   space 3072K, 0% used [0x00000000ec600000,0x00000000ec600000,0x00000000ec900000)
 ParOldGen       total 68608K, used 12656K [0x00000000c0000000, 0x00000000c4300000, 0x00000000eab00000)
  object space 68608K, 18% used [0x00000000c0000000,0x00000000c0c5c040,0x00000000c4300000)
 Metaspace       used 35177K, committed 35840K, reserved 1114112K
  class space    used 3523K, committed 3840K, reserved 1048576K
}
Event: 4.795 GC heap before
{Heap before GC invocations=12 (full 2):
 PSYoungGen      total 27136K, used 23552K [0x00000000eab00000, 0x00000000ec900000, 0x0000000100000000)
  eden space 23552K, 100% used [0x00000000eab00000,0x00000000ec200000,0x00000000ec200000)
  from space 3584K, 0% used [0x00000000ec280000,0x00000000ec280000,0x00000000ec600000)
  to   space 3072K, 0% used [0x00000000ec600000,0x00000000ec600000,0x00000000ec900000)
 ParOldGen       total 68608K, used 12656K [0x00000000c0000000, 0x00000000c4300000, 0x00000000eab00000)
  object space 68608K, 18% used [0x00000000c0000000,0x00000000c0c5c040,0x00000000c4300000)
 Metaspace       used 38011K, committed 38720K, reserved 1114112K
  class space    used 3840K, committed 4160K, reserved 1048576K
}
Event: 4.798 GC heap after
{Heap after GC invocations=12 (full 2):
 PSYoungGen      total 25088K, used 1840K [0x00000000eab00000, 0x00000000ec800000, 0x0000000100000000)
  eden space 23040K, 0% used [0x00000000eab00000,0x00000000eab00000,0x00000000ec180000)
  from space 2048K, 89% used [0x00000000ec600000,0x00000000ec7cc060,0x00000000ec800000)
  to   space 2560K, 0% used [0x00000000ec300000,0x00000000ec300000,0x00000000ec580000)
 ParOldGen       total 68608K, used 12664K [0x00000000c0000000, 0x00000000c4300000, 0x00000000eab00000)
  object space 68608K, 18% used [0x00000000c0000000,0x00000000c0c5e040,0x00000000c4300000)
 Metaspace       used 38011K, committed 38720K, reserved 1114112K
  class space    used 3840K, committed 4160K, reserved 1048576K
}
Event: 4.918 GC heap before
{Heap before GC invocations=13 (full 2):
 PSYoungGen      total 25088K, used 24880K [0x00000000eab00000, 0x00000000ec800000, 0x0000000100000000)
  eden space 23040K, 100% used [0x00000000eab00000,0x00000000ec180000,0x00000000ec180000)
  from space 2048K, 89% used [0x00000000ec600000,0x00000000ec7cc060,0x00000000ec800000)
  to   space 2560K, 0% used [0x00000000ec300000,0x00000000ec300000,0x00000000ec580000)
 ParOldGen       total 68608K, used 12664K [0x00000000c0000000, 0x00000000c4300000, 0x00000000eab00000)
  object space 68608K, 18% used [0x00000000c0000000,0x00000000c0c5e040,0x00000000c4300000)
 Metaspace       used 38085K, committed 38784K, reserved 1114112K
  class space    used 3847K, committed 4160K, reserved 1048576K
}
Event: 4.925 GC heap after
{Heap after GC invocations=13 (full 2):
 PSYoungGen      total 25088K, used 2208K [0x00000000eab00000, 0x00000000ec680000, 0x0000000100000000)
  eden space 22528K, 0% used [0x00000000eab00000,0x00000000eab00000,0x00000000ec100000)
  from space 2560K, 86% used [0x00000000ec300000,0x00000000ec528010,0x00000000ec580000)
  to   space 1024K, 0% used [0x00000000ec580000,0x00000000ec580000,0x00000000ec680000)
 ParOldGen       total 68608K, used 14374K [0x00000000c0000000, 0x00000000c4300000, 0x00000000eab00000)
  object space 68608K, 20% used [0x00000000c0000000,0x00000000c0e09838,0x00000000c4300000)
 Metaspace       used 38085K, committed 38784K, reserved 1114112K
  class space    used 3847K, committed 4160K, reserved 1048576K
}
Event: 5.065 GC heap before
{Heap before GC invocations=14 (full 2):
 PSYoungGen      total 25088K, used 24736K [0x00000000eab00000, 0x00000000ec680000, 0x0000000100000000)
  eden space 22528K, 100% used [0x00000000eab00000,0x00000000ec100000,0x00000000ec100000)
  from space 2560K, 86% used [0x00000000ec300000,0x00000000ec528010,0x00000000ec580000)
  to   space 1024K, 0% used [0x00000000ec580000,0x00000000ec580000,0x00000000ec680000)
 ParOldGen       total 68608K, used 14374K [0x00000000c0000000, 0x00000000c4300000, 0x00000000eab00000)
  object space 68608K, 20% used [0x00000000c0000000,0x00000000c0e09838,0x00000000c4300000)
 Metaspace       used 38144K, committed 38912K, reserved 1114112K
  class space    used 3847K, committed 4160K, reserved 1048576K
}
Event: 5.070 GC heap after
{Heap after GC invocations=14 (full 2):
 PSYoungGen      total 23040K, used 992K [0x00000000eab00000, 0x00000000ec980000, 0x0000000100000000)
  eden space 22016K, 0% used [0x00000000eab00000,0x00000000eab00000,0x00000000ec080000)
  from space 1024K, 96% used [0x00000000ec580000,0x00000000ec678010,0x00000000ec680000)
  to   space 4608K, 0% used [0x00000000ec080000,0x00000000ec080000,0x00000000ec500000)
 ParOldGen       total 68608K, used 17566K [0x00000000c0000000, 0x00000000c4300000, 0x00000000eab00000)
  object space 68608K, 25% used [0x00000000c0000000,0x00000000c1127838,0x00000000c4300000)
 Metaspace       used 38144K, committed 38912K, reserved 1114112K
  class space    used 3847K, committed 4160K, reserved 1048576K
}
Event: 5.159 GC heap before
{Heap before GC invocations=15 (full 2):
 PSYoungGen      total 23040K, used 23008K [0x00000000eab00000, 0x00000000ec980000, 0x0000000100000000)
  eden space 22016K, 100% used [0x00000000eab00000,0x00000000ec080000,0x00000000ec080000)
  from space 1024K, 96% used [0x00000000ec580000,0x00000000ec678010,0x00000000ec680000)
  to   space 4608K, 0% used [0x00000000ec080000,0x00000000ec080000,0x00000000ec500000)
 ParOldGen       total 68608K, used 17566K [0x00000000c0000000, 0x00000000c4300000, 0x00000000eab00000)
  object space 68608K, 25% used [0x00000000c0000000,0x00000000c1127838,0x00000000c4300000)
 Metaspace       used 38354K, committed 39104K, reserved 1114112K
  class space    used 3872K, committed 4160K, reserved 1048576K
}
Event: 5.162 GC heap after
{Heap after GC invocations=15 (full 2):
 PSYoungGen      total 24576K, used 2371K [0x00000000eab00000, 0x00000000ec680000, 0x0000000100000000)
  eden space 22016K, 0% used [0x00000000eab00000,0x00000000eab00000,0x00000000ec080000)
  from space 2560K, 92% used [0x00000000ec080000,0x00000000ec2d0e18,0x00000000ec300000)
  to   space 3072K, 0% used [0x00000000ec380000,0x00000000ec380000,0x00000000ec680000)
 ParOldGen       total 68608K, used 18454K [0x00000000c0000000, 0x00000000c4300000, 0x00000000eab00000)
  object space 68608K, 26% used [0x00000000c0000000,0x00000000c1205848,0x00000000c4300000)
 Metaspace       used 38354K, committed 39104K, reserved 1114112K
  class space    used 3872K, committed 4160K, reserved 1048576K
}
Event: 5.222 GC heap before
{Heap before GC invocations=16 (full 2):
 PSYoungGen      total 24576K, used 24387K [0x00000000eab00000, 0x00000000ec680000, 0x0000000100000000)
  eden space 22016K, 100% used [0x00000000eab00000,0x00000000ec080000,0x00000000ec080000)
  from space 2560K, 92% used [0x00000000ec080000,0x00000000ec2d0e18,0x00000000ec300000)
  to   space 3072K, 0% used [0x00000000ec380000,0x00000000ec380000,0x00000000ec680000)
 ParOldGen       total 68608K, used 18454K [0x00000000c0000000, 0x00000000c4300000, 0x00000000eab00000)
  object space 68608K, 26% used [0x00000000c0000000,0x00000000c1205848,0x00000000c4300000)
 Metaspace       used 38535K, committed 39296K, reserved 1114112K
  class space    used 3899K, committed 4224K, reserved 1048576K
}
Event: 5.227 GC heap after
{Heap after GC invocations=16 (full 2):
 PSYoungGen      total 25088K, used 2656K [0x00000000eab00000, 0x00000000ec680000, 0x0000000100000000)
  eden space 22016K, 0% used [0x00000000eab00000,0x00000000eab00000,0x00000000ec080000)
  from space 3072K, 86% used [0x00000000ec380000,0x00000000ec618010,0x00000000ec680000)
  to   space 3072K, 0% used [0x00000000ec080000,0x00000000ec080000,0x00000000ec380000)
 ParOldGen       total 68608K, used 20502K [0x00000000c0000000, 0x00000000c4300000, 0x00000000eab00000)
  object space 68608K, 29% used [0x00000000c0000000,0x00000000c1405ab8,0x00000000c4300000)
 Metaspace       used 38535K, committed 39296K, reserved 1114112K
  class space    used 3899K, committed 4224K, reserved 1048576K
}
Event: 5.299 GC heap before
{Heap before GC invocations=17 (full 2):
 PSYoungGen      total 25088K, used 24672K [0x00000000eab00000, 0x00000000ec680000, 0x0000000100000000)
  eden space 22016K, 100% used [0x00000000eab00000,0x00000000ec080000,0x00000000ec080000)
  from space 3072K, 86% used [0x00000000ec380000,0x00000000ec618010,0x00000000ec680000)
  to   space 3072K, 0% used [0x00000000ec080000,0x00000000ec080000,0x00000000ec380000)
 ParOldGen       total 68608K, used 20507K [0x00000000c0000000, 0x00000000c4300000, 0x00000000eab00000)
  object space 68608K, 29% used [0x00000000c0000000,0x00000000c1406f58,0x00000000c4300000)
 Metaspace       used 38721K, committed 39424K, reserved 1114112K
  class space    used 3922K, committed 4224K, reserved 1048576K
}
Event: 5.303 GC heap after
{Heap after GC invocations=17 (full 2):
 PSYoungGen      total 24064K, used 1633K [0x00000000eab00000, 0x00000000ec480000, 0x0000000100000000)
  eden space 22016K, 0% used [0x00000000eab00000,0x00000000eab00000,0x00000000ec080000)
  from space 2048K, 79% used [0x00000000ec080000,0x00000000ec218750,0x00000000ec280000)
  to   space 2048K, 0% used [0x00000000ec280000,0x00000000ec280000,0x00000000ec480000)
 ParOldGen       total 68608K, used 23063K [0x00000000c0000000, 0x00000000c4300000, 0x00000000eab00000)
  object space 68608K, 33% used [0x00000000c0000000,0x00000000c1685c48,0x00000000c4300000)
 Metaspace       used 38721K, committed 39424K, reserved 1114112K
  class space    used 3922K, committed 4224K, reserved 1048576K
}
Event: 5.966 GC heap before
{Heap before GC invocations=18 (full 2):
 PSYoungGen      total 24064K, used 23585K [0x00000000eab00000, 0x00000000ec480000, 0x0000000100000000)
  eden space 22016K, 99% used [0x00000000eab00000,0x00000000ec070028,0x00000000ec080000)
  from space 2048K, 79% used [0x00000000ec080000,0x00000000ec218750,0x00000000ec280000)
  to   space 2048K, 0% used [0x00000000ec280000,0x00000000ec280000,0x00000000ec480000)
 ParOldGen       total 68608K, used 23063K [0x00000000c0000000, 0x00000000c4300000, 0x00000000eab00000)
  object space 68608K, 33% used [0x00000000c0000000,0x00000000c1685c48,0x00000000c4300000)
 Metaspace       used 41350K, committed 42176K, reserved 1114112K
  class space    used 4207K, committed 4544K, reserved 1048576K
}
Event: 5.968 GC heap after
{Heap after GC invocations=18 (full 2):
 PSYoungGen      total 23040K, used 567K [0x00000000eab00000, 0x00000000ec380000, 0x0000000100000000)
  eden space 22016K, 0% used [0x00000000eab00000,0x00000000eab00000,0x00000000ec080000)
  from space 1024K, 55% used [0x00000000ec280000,0x00000000ec30dd58,0x00000000ec380000)
  to   space 1536K, 0% used [0x00000000ec080000,0x00000000ec080000,0x00000000ec200000)
 ParOldGen       total 68608K, used 24559K [0x00000000c0000000, 0x00000000c4300000, 0x00000000eab00000)
  object space 68608K, 35% used [0x00000000c0000000,0x00000000c17fbc48,0x00000000c4300000)
 Metaspace       used 41350K, committed 42176K, reserved 1114112K
  class space    used 4207K, committed 4544K, reserved 1048576K
}
Event: 6.387 GC heap before
{Heap before GC invocations=19 (full 2):
 PSYoungGen      total 23040K, used 22555K [0x00000000eab00000, 0x00000000ec380000, 0x0000000100000000)
  eden space 22016K, 99% used [0x00000000eab00000,0x00000000ec079170,0x00000000ec080000)
  from space 1024K, 55% used [0x00000000ec280000,0x00000000ec30dd58,0x00000000ec380000)
  to   space 1536K, 0% used [0x00000000ec080000,0x00000000ec080000,0x00000000ec200000)
 ParOldGen       total 68608K, used 24559K [0x00000000c0000000, 0x00000000c4300000, 0x00000000eab00000)
  object space 68608K, 35% used [0x00000000c0000000,0x00000000c17fbc48,0x00000000c4300000)
 Metaspace       used 42715K, committed 43520K, reserved 1114112K
  class space    used 4340K, committed 4672K, reserved 1048576K
}
Event: 6.389 GC heap after
{Heap after GC invocations=19 (full 2):
 PSYoungGen      total 23552K, used 1430K [0x00000000eab00000, 0x00000000ec480000, 0x0000000100000000)
  eden space 22016K, 0% used [0x00000000eab00000,0x00000000eab00000,0x00000000ec080000)
  from space 1536K, 93% used [0x00000000ec080000,0x00000000ec1e5ac0,0x00000000ec200000)
  to   space 2048K, 0% used [0x00000000ec280000,0x00000000ec280000,0x00000000ec480000)
 ParOldGen       total 68608K, used 25016K [0x00000000c0000000, 0x00000000c4300000, 0x00000000eab00000)
  object space 68608K, 36% used [0x00000000c0000000,0x00000000c186e110,0x00000000c4300000)
 Metaspace       used 42715K, committed 43520K, reserved 1114112K
  class space    used 4340K, committed 4672K, reserved 1048576K
}

Dll operation events (10 events):
Event: 0.013 Loaded shared library c:\Users\Usuario\.vscode\extensions\redhat.java-1.32.0-win32-x64\jre\17.0.11-win32-x86_64\bin\java.dll
Event: 0.133 Loaded shared library c:\Users\Usuario\.vscode\extensions\redhat.java-1.32.0-win32-x64\jre\17.0.11-win32-x86_64\bin\zip.dll
Event: 0.137 Loaded shared library C:\Users\Usuario\.vscode\extensions\redhat.java-1.32.0-win32-x64\jre\17.0.11-win32-x86_64\bin\instrument.dll
Event: 0.147 Loaded shared library C:\Users\Usuario\.vscode\extensions\redhat.java-1.32.0-win32-x64\jre\17.0.11-win32-x86_64\bin\net.dll
Event: 0.150 Loaded shared library C:\Users\Usuario\.vscode\extensions\redhat.java-1.32.0-win32-x64\jre\17.0.11-win32-x86_64\bin\nio.dll
Event: 0.155 Loaded shared library C:\Users\Usuario\.vscode\extensions\redhat.java-1.32.0-win32-x64\jre\17.0.11-win32-x86_64\bin\zip.dll
Event: 0.169 Loaded shared library C:\Users\Usuario\.vscode\extensions\redhat.java-1.32.0-win32-x64\jre\17.0.11-win32-x86_64\bin\jimage.dll
Event: 0.220 Loaded shared library c:\Users\Usuario\.vscode\extensions\redhat.java-1.32.0-win32-x64\jre\17.0.11-win32-x86_64\bin\verify.dll
Event: 1.150 Loaded shared library C:\Users\Usuario\AppData\Roaming\Code\User\globalStorage\redhat.java\1.32.0\config_ss_win\org.eclipse.equinox.launcher\org.eclipse.equinox.launcher.win32.win32.x86_64_1.2.1100.v20240613-2013\eclipse_11903.dll
Event: 3.642 Loaded shared library C:\Users\Usuario\AppData\Local\Temp\jna-1531808526\jna16248148775259079775.dll

Deoptimization events (20 events):
Event: 6.616 Thread 0x000001fe097c6b50 Uncommon trap: trap_request=0xffffffbe fr.pc=0x000001fe78464e48 relative=0x00000000000006e8
Event: 6.616 Thread 0x000001fe097c6b50 Uncommon trap: reason=profile_predicate action=maybe_recompile pc=0x000001fe78464e48 method=java.util.TreeMap.getEntryUsingComparator(Ljava/lang/Object;)Ljava/util/TreeMap$Entry; @ 19 c2
Event: 6.616 Thread 0x000001fe097c6b50 DEOPT PACKING pc=0x000001fe78464e48 sp=0x000000ba522fdd40
Event: 6.616 Thread 0x000001fe097c6b50 DEOPT UNPACKING pc=0x000001fe77da66a3 sp=0x000000ba522fdcf0 mode 2
Event: 6.616 Thread 0x000001fe097c6b50 Uncommon trap: trap_request=0xffffffbe fr.pc=0x000001fe78464e48 relative=0x00000000000006e8
Event: 6.616 Thread 0x000001fe097c6b50 Uncommon trap: reason=profile_predicate action=maybe_recompile pc=0x000001fe78464e48 method=java.util.TreeMap.getEntryUsingComparator(Ljava/lang/Object;)Ljava/util/TreeMap$Entry; @ 19 c2
Event: 6.616 Thread 0x000001fe097c6b50 DEOPT PACKING pc=0x000001fe78464e48 sp=0x000000ba522fdd40
Event: 6.616 Thread 0x000001fe097c6b50 DEOPT UNPACKING pc=0x000001fe77da66a3 sp=0x000000ba522fdcf0 mode 2
Event: 6.616 Thread 0x000001fe097c6b50 Uncommon trap: trap_request=0xffffffbe fr.pc=0x000001fe78464e48 relative=0x00000000000006e8
Event: 6.616 Thread 0x000001fe097c6b50 Uncommon trap: reason=profile_predicate action=maybe_recompile pc=0x000001fe78464e48 method=java.util.TreeMap.getEntryUsingComparator(Ljava/lang/Object;)Ljava/util/TreeMap$Entry; @ 19 c2
Event: 6.616 Thread 0x000001fe097c6b50 DEOPT PACKING pc=0x000001fe78464e48 sp=0x000000ba522fdd40
Event: 6.616 Thread 0x000001fe097c6b50 DEOPT UNPACKING pc=0x000001fe77da66a3 sp=0x000000ba522fdcf0 mode 2
Event: 6.686 Thread 0x000001fe097c47e0 Uncommon trap: trap_request=0xffffff45 fr.pc=0x000001fe7853683c relative=0x00000000000000bc
Event: 6.686 Thread 0x000001fe097c47e0 Uncommon trap: reason=unstable_if action=reinterpret pc=0x000001fe7853683c method=java.util.Hashtable$Enumerator.nextElement()Ljava/lang/Object; @ 87 c2
Event: 6.686 Thread 0x000001fe097c47e0 DEOPT PACKING pc=0x000001fe7853683c sp=0x000000ba502ff380
Event: 6.686 Thread 0x000001fe097c47e0 DEOPT UNPACKING pc=0x000001fe77da66a3 sp=0x000000ba502ff2a8 mode 2
Event: 6.717 Thread 0x000001fe097c6b50 Uncommon trap: trap_request=0xffffffc6 fr.pc=0x000001fe78481b4c relative=0x00000000000000ac
Event: 6.717 Thread 0x000001fe097c6b50 Uncommon trap: reason=bimorphic_or_optimized_type_check action=maybe_recompile pc=0x000001fe78481b4c method=java.util.stream.Sink$ChainedReference.cancellationRequested()Z @ 4 c2
Event: 6.717 Thread 0x000001fe097c6b50 DEOPT PACKING pc=0x000001fe78481b4c sp=0x000000ba522fdc80
Event: 6.717 Thread 0x000001fe097c6b50 DEOPT UNPACKING pc=0x000001fe77da66a3 sp=0x000000ba522fdbb0 mode 2

Classes unloaded (7 events):
Event: 2.051 Thread 0x000001fe07460090 Unloading class 0x0000000100217400 'java/lang/invoke/LambdaForm$MH+0x0000000100217400'
Event: 2.051 Thread 0x000001fe07460090 Unloading class 0x0000000100217000 'java/lang/invoke/LambdaForm$MH+0x0000000100217000'
Event: 2.051 Thread 0x000001fe07460090 Unloading class 0x0000000100216c00 'java/lang/invoke/LambdaForm$MH+0x0000000100216c00'
Event: 2.051 Thread 0x000001fe07460090 Unloading class 0x0000000100216800 'java/lang/invoke/LambdaForm$MH+0x0000000100216800'
Event: 2.051 Thread 0x000001fe07460090 Unloading class 0x0000000100216400 'java/lang/invoke/LambdaForm$BMH+0x0000000100216400'
Event: 2.051 Thread 0x000001fe07460090 Unloading class 0x0000000100216000 'java/lang/invoke/LambdaForm$DMH+0x0000000100216000'
Event: 2.051 Thread 0x000001fe07460090 Unloading class 0x0000000100212400 'java/lang/invoke/LambdaForm$DMH+0x0000000100212400'

Classes redefined (0 events):
No events

Internal exceptions (20 events):
Event: 4.519 Thread 0x000001fe08f9f500 Exception <a 'java/lang/NoSuchMethodError'{0x00000000eb475eb0}: 'void java.lang.invoke.DirectMethodHandle$Holder.invokeVirtual(java.lang.Object, java.lang.Object, java.lang.Object, java.lang.Object)'> (0x00000000eb475eb0) 
thrown [s\src\hotspot\share\interpreter\linkResolver.cpp, line 759]
Event: 4.546 Thread 0x000001fe08f9f500 Exception <a 'java/lang/NoSuchMethodError'{0x00000000eb571f88}: 'java.lang.Object java.lang.invoke.DirectMethodHandle$Holder.newInvokeSpecial(java.lang.Object, java.lang.Object, java.lang.Object, java.lang.Object, java.lang.Object, java.lang.Object)'> (0x00000000eb571f88) 
thrown [s\src\hotspot\share\interpreter\linkResolver.cpp, line 759]
Event: 4.574 Thread 0x000001fe08f9f500 Exception <a 'java/io/FileNotFoundException'{0x00000000eb6f2a00}> (0x00000000eb6f2a00) 
thrown [s\src\hotspot\share\prims\jni.cpp, line 516]
Event: 4.574 Thread 0x000001fe08f9f500 Exception <a 'java/io/FileNotFoundException'{0x00000000eb6f3a40}> (0x00000000eb6f3a40) 
thrown [s\src\hotspot\share\prims\jni.cpp, line 516]
Event: 4.575 Thread 0x000001fe08f9f500 Exception <a 'java/io/FileNotFoundException'{0x00000000eb6f5250}> (0x00000000eb6f5250) 
thrown [s\src\hotspot\share\prims\jni.cpp, line 516]
Event: 4.575 Thread 0x000001fe08f9f500 Exception <a 'java/io/FileNotFoundException'{0x00000000eb6f6538}> (0x00000000eb6f6538) 
thrown [s\src\hotspot\share\prims\jni.cpp, line 516]
Event: 4.576 Thread 0x000001fe08f9f500 Exception <a 'java/io/FileNotFoundException'{0x00000000eb6f7598}> (0x00000000eb6f7598) 
thrown [s\src\hotspot\share\prims\jni.cpp, line 516]
Event: 4.600 Thread 0x000001fe097c6b50 Exception <a 'java/lang/NoSuchMethodError'{0x00000000eb81dc00}: 'java.lang.Object java.lang.invoke.Invokers$Holder.invoke_MT(java.lang.Object, java.lang.Object, java.lang.Object)'> (0x00000000eb81dc00) 
thrown [s\src\hotspot\share\interpreter\linkResolver.cpp, line 759]
Event: 5.285 Thread 0x000001fe08f9f500 Exception <a 'java/lang/NoSuchMethodError'{0x00000000ec021f48}: 'java.lang.Object java.lang.invoke.DirectMethodHandle$Holder.invokeVirtual(java.lang.Object, java.lang.Object, java.lang.Object)'> (0x00000000ec021f48) 
thrown [s\src\hotspot\share\interpreter\linkResolver.cpp, line 759]
Event: 5.310 Thread 0x000001fe08fa0430 Exception <a 'java/lang/NoSuchMethodError'{0x00000000eab1f4f0}: 'int java.lang.invoke.DirectMethodHandle$Holder.invokeVirtual(java.lang.Object, java.lang.Object)'> (0x00000000eab1f4f0) 
thrown [s\src\hotspot\share\interpreter\linkResolver.cpp, line 759]
Event: 5.542 Thread 0x000001fe08f9f500 Exception <a 'sun/nio/fs/WindowsException'{0x00000000eb51b448}> (0x00000000eb51b448) 
thrown [s\src\hotspot\share\prims\jni.cpp, line 516]
Event: 5.594 Thread 0x000001fe08f9f500 Exception <a 'java/lang/LinkageError'{0x00000000eb72c960}: loader lombok.launch.ShadowClassLoader @229de82 attempted duplicate class definition for lombok.launch.PatchFixesHider$Transform. (lombok.launch.PatchFixesHider$Transform is in unnamed module of loader lombok.launch.ShadowClassLoader @229de82, parent loader org.eclipse.osgi.internal.loader.EquinoxClassLoader @423cc400)> (0x00000000eb72c960) 
thrown [s\src\hotspot\share\classfile\systemDictionary.cpp, line 1723]
Event: 6.112 Thread 0x000001fe097c1540 Exception <a 'java/io/FileNotFoundException'{0x00000000eaffa3b8}> (0x00000000eaffa3b8) 
thrown [s\src\hotspot\share\prims\jni.cpp, line 516]
Event: 6.117 Thread 0x000001fe097c1540 Exception <a 'java/io/FileNotFoundException'{0x00000000eb157e68}> (0x00000000eb157e68) 
thrown [s\src\hotspot\share\prims\jni.cpp, line 516]
Event: 6.117 Thread 0x000001fe097c1540 Exception <a 'java/io/FileNotFoundException'{0x00000000eb158e98}> (0x00000000eb158e98) 
thrown [s\src\hotspot\share\prims\jni.cpp, line 516]
Event: 6.118 Thread 0x000001fe097c1540 Exception <a 'java/io/FileNotFoundException'{0x00000000eb159c40}> (0x00000000eb159c40) 
thrown [s\src\hotspot\share\prims\jni.cpp, line 516]
Event: 6.290 Thread 0x000001fe097c6b50 Implicit null exception at 0x000001fe7851244d to 0x000001fe78513114
Event: 6.290 Thread 0x000001fe097c6b50 Implicit null exception at 0x000001fe78513ed0 to 0x000001fe78514bcc
Event: 6.459 Thread 0x000001fe08f9f500 Exception <a 'java/lang/NoSuchMethodError'{0x00000000eae56480}: 'int java.lang.invoke.DirectMethodHandle$Holder.invokeVirtual(java.lang.Object, java.lang.Object, java.lang.Object)'> (0x00000000eae56480) 
thrown [s\src\hotspot\share\interpreter\linkResolver.cpp, line 759]
Event: 6.780 Thread 0x000001fe08f9f500 Exception <a 'sun/nio/fs/WindowsException'{0x00000000eb814398}> (0x00000000eb814398) 
thrown [s\src\hotspot\share\prims\jni.cpp, line 516]

VM Operations (20 events):
Event: 4.917 Executing VM operation: ParallelGCFailedAllocation
Event: 4.925 Executing VM operation: ParallelGCFailedAllocation done
Event: 5.065 Executing VM operation: ParallelGCFailedAllocation
Event: 5.074 Executing VM operation: ParallelGCFailedAllocation done
Event: 5.159 Executing VM operation: ParallelGCFailedAllocation
Event: 5.162 Executing VM operation: ParallelGCFailedAllocation done
Event: 5.220 Executing VM operation: ParallelGCFailedAllocation
Event: 5.232 Executing VM operation: ParallelGCFailedAllocation done
Event: 5.296 Executing VM operation: ParallelGCFailedAllocation
Event: 5.297 Executing VM operation: ParallelGCFailedAllocation done
Event: 5.298 Executing VM operation: ParallelGCFailedAllocation
Event: 5.303 Executing VM operation: ParallelGCFailedAllocation done
Event: 5.525 Executing VM operation: HandshakeAllThreads
Event: 5.526 Executing VM operation: HandshakeAllThreads done
Event: 5.966 Executing VM operation: ParallelGCFailedAllocation
Event: 5.968 Executing VM operation: ParallelGCFailedAllocation done
Event: 6.387 Executing VM operation: ParallelGCFailedAllocation
Event: 6.390 Executing VM operation: ParallelGCFailedAllocation done
Event: 6.563 Executing VM operation: HandshakeAllThreads
Event: 6.563 Executing VM operation: HandshakeAllThreads done

Events (20 events):
Event: 6.459 loading class java/util/stream/ReduceOps$4 done
Event: 6.459 loading class java/util/stream/ReduceOps$4ReducingSink
Event: 6.460 loading class java/util/stream/ReduceOps$4ReducingSink done
Event: 6.462 loading class java/nio/file/Files$2
Event: 6.462 loading class java/nio/file/Files$2 done
Event: 6.463 loading class java/util/stream/MatchOps$MatchKind
Event: 6.464 loading class java/util/stream/MatchOps$MatchKind done
Event: 6.464 loading class java/util/stream/MatchOps
Event: 6.464 loading class java/util/stream/MatchOps done
Event: 6.464 loading class java/util/stream/MatchOps$MatchOp
Event: 6.464 loading class java/util/stream/MatchOps$MatchOp done
Event: 6.464 loading class java/util/stream/MatchOps$BooleanTerminalSink
Event: 6.464 loading class java/util/stream/MatchOps$BooleanTerminalSink done
Event: 6.465 loading class java/util/stream/MatchOps$1MatchSink
Event: 6.465 loading class java/util/stream/MatchOps$1MatchSink done
Event: 6.535 Thread 0x000001fe097c47e0 Thread added: 0x000001fe097c47e0
Event: 6.579 Thread 0x000001fe12db8110 Thread added: 0x000001fe12db8110
Event: 6.601 loading class java/util/function/BiPredicate
Event: 6.601 loading class java/util/function/BiPredicate done
Event: 6.687 Thread 0x000001fe097c47e0 Thread exited: 0x000001fe097c47e0


Dynamic libraries:
0x00007ff667830000 - 0x00007ff66783e000 	c:\Users\Usuario\.vscode\extensions\redhat.java-1.32.0-win32-x64\jre\17.0.11-win32-x86_64\bin\java.exe
0x00007ffd6ef70000 - 0x00007ffd6f168000 	C:\Windows\SYSTEM32\ntdll.dll
0x00007ffd5a270000 - 0x00007ffd5a28a000 	C:\Program Files\Avast Software\Avast\aswhook.dll
0x00007ffd6eba0000 - 0x00007ffd6ec61000 	C:\Windows\System32\KERNEL32.DLL
0x00007ffd6c8f0000 - 0x00007ffd6cbe6000 	C:\Windows\System32\KERNELBASE.dll
0x00007ffd6c620000 - 0x00007ffd6c720000 	C:\Windows\System32\ucrtbase.dll
0x00007ffd65d00000 - 0x00007ffd65d1b000 	c:\Users\Usuario\.vscode\extensions\redhat.java-1.32.0-win32-x64\jre\17.0.11-win32-x86_64\bin\VCRUNTIME140.dll
0x00007ffd65d20000 - 0x00007ffd65d37000 	c:\Users\Usuario\.vscode\extensions\redhat.java-1.32.0-win32-x64\jre\17.0.11-win32-x86_64\bin\jli.dll
0x00007ffd6ec70000 - 0x00007ffd6ee0f000 	C:\Windows\System32\USER32.dll
0x00007ffd59fc0000 - 0x00007ffd5a25a000 	C:\Windows\WinSxS\amd64_microsoft.windows.common-controls_6595b64144ccf1df_6.0.19041.4355_none_60b8b9eb71f62e16\COMCTL32.dll
0x00007ffd6c7c0000 - 0x00007ffd6c7e2000 	C:\Windows\System32\win32u.dll
0x00007ffd6ee10000 - 0x00007ffd6ee3b000 	C:\Windows\System32\GDI32.dll
0x00007ffd6d250000 - 0x00007ffd6d2ee000 	C:\Windows\System32\msvcrt.dll
0x00007ffd6cc20000 - 0x00007ffd6cd37000 	C:\Windows\System32\gdi32full.dll
0x00007ffd6c720000 - 0x00007ffd6c7bd000 	C:\Windows\System32\msvcp_win.dll
0x00007ffd6d350000 - 0x00007ffd6d37f000 	C:\Windows\System32\IMM32.DLL
0x00007ffd698f0000 - 0x00007ffd698fc000 	c:\Users\Usuario\.vscode\extensions\redhat.java-1.32.0-win32-x64\jre\17.0.11-win32-x86_64\bin\vcruntime140_1.dll
0x00007ffd60ca0000 - 0x00007ffd60d2d000 	c:\Users\Usuario\.vscode\extensions\redhat.java-1.32.0-win32-x64\jre\17.0.11-win32-x86_64\bin\msvcp140.dll
0x00007ffce84f0000 - 0x00007ffce9152000 	c:\Users\Usuario\.vscode\extensions\redhat.java-1.32.0-win32-x64\jre\17.0.11-win32-x86_64\bin\server\jvm.dll
0x00007ffd6ee80000 - 0x00007ffd6ef30000 	C:\Windows\System32\ADVAPI32.dll
0x00007ffd6d0d0000 - 0x00007ffd6d170000 	C:\Windows\System32\sechost.dll
0x00007ffd6d570000 - 0x00007ffd6d693000 	C:\Windows\System32\RPCRT4.dll
0x00007ffd6cbf0000 - 0x00007ffd6cc17000 	C:\Windows\System32\bcrypt.dll
0x00007ffd6bba0000 - 0x00007ffd6bbeb000 	C:\Windows\SYSTEM32\POWRPROF.dll
0x00007ffd553a0000 - 0x00007ffd553a9000 	C:\Windows\SYSTEM32\WSOCK32.dll
0x00007ffd674c0000 - 0x00007ffd674ca000 	C:\Windows\SYSTEM32\VERSION.dll
0x00007ffd57c10000 - 0x00007ffd57c37000 	C:\Windows\SYSTEM32\WINMM.dll
0x00007ffd6e0d0000 - 0x00007ffd6e13b000 	C:\Windows\System32\WS2_32.dll
0x00007ffd6ba10000 - 0x00007ffd6ba22000 	C:\Windows\SYSTEM32\UMPDC.dll
0x00007ffd6ae30000 - 0x00007ffd6ae42000 	C:\Windows\SYSTEM32\kernel.appcore.dll
0x00007ffd65cf0000 - 0x00007ffd65cfa000 	c:\Users\Usuario\.vscode\extensions\redhat.java-1.32.0-win32-x64\jre\17.0.11-win32-x86_64\bin\jimage.dll
0x00007ffd6a390000 - 0x00007ffd6a574000 	C:\Windows\SYSTEM32\DBGHELP.DLL
0x00007ffd64030000 - 0x00007ffd64064000 	C:\Windows\SYSTEM32\dbgcore.DLL
0x00007ffd6c7f0000 - 0x00007ffd6c872000 	C:\Windows\System32\bcryptPrimitives.dll
0x00007ffd65ce0000 - 0x00007ffd65cee000 	c:\Users\Usuario\.vscode\extensions\redhat.java-1.32.0-win32-x64\jre\17.0.11-win32-x86_64\bin\instrument.dll
0x00007ffd60c70000 - 0x00007ffd60c95000 	c:\Users\Usuario\.vscode\extensions\redhat.java-1.32.0-win32-x64\jre\17.0.11-win32-x86_64\bin\java.dll
0x00007ffd60c50000 - 0x00007ffd60c68000 	c:\Users\Usuario\.vscode\extensions\redhat.java-1.32.0-win32-x64\jre\17.0.11-win32-x86_64\bin\zip.dll
0x00007ffd6e1d0000 - 0x00007ffd6e93c000 	C:\Windows\System32\SHELL32.dll
0x00007ffd6a580000 - 0x00007ffd6ad1e000 	C:\Windows\SYSTEM32\windows.storage.dll
0x00007ffd6d8a0000 - 0x00007ffd6dbf3000 	C:\Windows\System32\combase.dll
0x00007ffd6c040000 - 0x00007ffd6c06e000 	C:\Windows\SYSTEM32\Wldp.dll
0x00007ffd6d7d0000 - 0x00007ffd6d89d000 	C:\Windows\System32\OLEAUT32.dll
0x00007ffd6eaf0000 - 0x00007ffd6eb9d000 	C:\Windows\System32\SHCORE.dll
0x00007ffd6d380000 - 0x00007ffd6d3d5000 	C:\Windows\System32\shlwapi.dll
0x00007ffd6c550000 - 0x00007ffd6c574000 	C:\Windows\SYSTEM32\profapi.dll
0x00007ffd5b970000 - 0x00007ffd5b989000 	C:\Users\Usuario\.vscode\extensions\redhat.java-1.32.0-win32-x64\jre\17.0.11-win32-x86_64\bin\net.dll
0x00007ffd63950000 - 0x00007ffd63a5a000 	C:\Windows\SYSTEM32\WINHTTP.dll
0x00007ffd6bda0000 - 0x00007ffd6be0a000 	C:\Windows\system32\mswsock.dll
0x00007ffd4cf40000 - 0x00007ffd4cf56000 	C:\Users\Usuario\.vscode\extensions\redhat.java-1.32.0-win32-x64\jre\17.0.11-win32-x86_64\bin\nio.dll
0x00007ffd65cd0000 - 0x00007ffd65ce0000 	c:\Users\Usuario\.vscode\extensions\redhat.java-1.32.0-win32-x64\jre\17.0.11-win32-x86_64\bin\verify.dll
0x00007ffd4c3e0000 - 0x00007ffd4c424000 	C:\Users\Usuario\AppData\Roaming\Code\User\globalStorage\redhat.java\1.32.0\config_ss_win\org.eclipse.equinox.launcher\org.eclipse.equinox.launcher.win32.win32.x86_64_1.2.1100.v20240613-2013\eclipse_11903.dll
0x00007ffd6cfa0000 - 0x00007ffd6d0cb000 	C:\Windows\System32\ole32.dll
0x00007ffd6bfa0000 - 0x00007ffd6bfb8000 	C:\Windows\SYSTEM32\CRYPTSP.dll
0x00007ffd6b650000 - 0x00007ffd6b684000 	C:\Windows\system32\rsaenh.dll
0x00007ffd6c500000 - 0x00007ffd6c52e000 	C:\Windows\SYSTEM32\USERENV.dll
0x00007ffd6bf90000 - 0x00007ffd6bf9c000 	C:\Windows\SYSTEM32\CRYPTBASE.dll
0x00007ffd6ba30000 - 0x00007ffd6ba6b000 	C:\Windows\SYSTEM32\IPHLPAPI.DLL
0x00007ffd6ee70000 - 0x00007ffd6ee78000 	C:\Windows\System32\NSI.dll
0x00007ffd64110000 - 0x00007ffd64127000 	C:\Windows\SYSTEM32\dhcpcsvc6.DLL
0x00007ffd64e10000 - 0x00007ffd64e2d000 	C:\Windows\SYSTEM32\dhcpcsvc.DLL
0x00007ffd6ba70000 - 0x00007ffd6bb3a000 	C:\Windows\SYSTEM32\DNSAPI.dll
0x00007ffd4c390000 - 0x00007ffd4c3d5000 	C:\Users\Usuario\AppData\Local\Temp\jna-1531808526\jna16248148775259079775.dll
0x00007ffd6ee40000 - 0x00007ffd6ee48000 	C:\Windows\System32\PSAPI.DLL

dbghelp: loaded successfully - version: 4.0.5 - missing functions: none
symbol engine: initialized successfully - sym options: 0x614 - pdb path: .;c:\Users\Usuario\.vscode\extensions\redhat.java-1.32.0-win32-x64\jre\17.0.11-win32-x86_64\bin;C:\Windows\SYSTEM32;C:\Program Files\Avast Software\Avast;C:\Windows\WinSxS\amd64_microsoft.windows.common-controls_6595b64144ccf1df_6.0.19041.4355_none_60b8b9eb71f62e16;c:\Users\Usuario\.vscode\extensions\redhat.java-1.32.0-win32-x64\jre\17.0.11-win32-x86_64\bin\server;C:\Users\Usuario\AppData\Roaming\Code\User\globalStorage\redhat.java\1.32.0\config_ss_win\org.eclipse.equinox.launcher\org.eclipse.equinox.launcher.win32.win32.x86_64_1.2.1100.v20240613-2013;C:\Users\Usuario\AppData\Local\Temp\jna-1531808526

VM Arguments:
jvm_args: --add-modules=ALL-SYSTEM --add-opens=java.base/java.util=ALL-UNNAMED --add-opens=java.base/java.lang=ALL-UNNAMED --add-opens=java.base/sun.nio.fs=ALL-UNNAMED -Declipse.application=org.eclipse.jdt.ls.core.id1 -Dosgi.bundles.defaultStartLevel=4 -Declipse.product=org.eclipse.jdt.ls.core.product -Djava.import.generatesMetadataFilesAtProjectRoot=false -DDetectVMInstallationsJob.disabled=true -Dfile.encoding=utf8 -XX:+UseParallelGC -XX:GCTimeRatio=4 -XX:AdaptiveSizePolicyWeight=90 -Dsun.zip.disableMemoryMapping=true -Xmx1G -Xms100m -Xlog:disable -javaagent:c:\Users\Usuario\.vscode\extensions\redhat.java-1.32.0-win32-x64\lombok\lombok-1.18.33.jar 
java_command: c:\Users\Usuario\.vscode\extensions\redhat.java-1.32.0-win32-x64\server\plugins\org.eclipse.equinox.launcher_1.6.900.v20240613-2009.jar -configuration c:\Users\Usuario\AppData\Roaming\Code\User\globalStorage\redhat.java\1.32.0\config_ss_win -data c:\Users\Usuario\AppData\Roaming\Code\User\workspaceStorage\017133b3fa262b6b2ea1eec37e442b43\redhat.java\ss_ws --pipe=\\.\pipe\lsp-74d5ce3dd08e9a4c99b35a307b838336-sock
java_class_path (initial): c:\Users\Usuario\.vscode\extensions\redhat.java-1.32.0-win32-x64\server\plugins\org.eclipse.equinox.launcher_1.6.900.v20240613-2009.jar
Launcher Type: SUN_STANDARD

[Global flags]
    uintx AdaptiveSizePolicyWeight                 = 90                                        {product} {command line}
     intx CICompilerCount                          = 4                                         {product} {ergonomic}
    uintx GCTimeRatio                              = 4                                         {product} {command line}
   size_t InitialHeapSize                          = 104857600                                 {product} {command line}
   size_t MaxHeapSize                              = 1073741824                                {product} {command line}
   size_t MaxNewSize                               = 357564416                                 {product} {ergonomic}
   size_t MinHeapDeltaBytes                        = 524288                                    {product} {ergonomic}
   size_t MinHeapSize                              = 104857600                                 {product} {command line}
   size_t NewSize                                  = 34603008                                  {product} {ergonomic}
    uintx NonNMethodCodeHeapSize                   = 5839372                                {pd product} {ergonomic}
    uintx NonProfiledCodeHeapSize                  = 122909434                              {pd product} {ergonomic}
   size_t OldSize                                  = 70254592                                  {product} {ergonomic}
    uintx ProfiledCodeHeapSize                     = 122909434                              {pd product} {ergonomic}
    uintx ReservedCodeCacheSize                    = 251658240                              {pd product} {ergonomic}
     bool SegmentedCodeCache                       = true                                      {product} {ergonomic}
   size_t SoftMaxHeapSize                          = 1073741824                             {manageable} {ergonomic}
     bool UseCompressedClassPointers               = true                           {product lp64_product} {ergonomic}
     bool UseCompressedOops                        = true                           {product lp64_product} {ergonomic}
     bool UseLargePagesIndividualAllocation        = false                                  {pd product} {ergonomic}
     bool UseParallelGC                            = true                                      {product} {command line}

Logging:
Log output configuration:
 #0: stdout all=off uptime,level,tags
 #1: stderr all=off uptime,level,tags

Environment Variables:
JAVA_HOME=C:\Program Files\Java\jdk-17
PATH=C:\Program Files\Common Files\Oracle\Java\javapath;C:\Program Files\Java\jdk-17\bin;C:\Windows\system32;C:\Windows;C:\Windows\System32\Wbem;C:\Windows\System32\WindowsPowerShell\v1.0\;C:\Windows\System32\OpenSSH\;C:\ProgramData\chocolatey\bin;C:\Program Files\nodejs\;C:\Program Files (x86)\Windows Kits\10\Windows Performance Toolkit\;C:\Program Files\Git\cmd;C:\Program Files\MySQL\MySQL Server 8.0\bin;C:\Program Files\PostgreSQL\16\bin;C:\Program Files\MySQL\MySQL Shell 8.0\bin\;C:\Users\Usuario\AppData\Local\Microsoft\WindowsApps;C:\Users\Usuario\AppData\Local\Programs\Microsoft VS Code\bin;C:\Users\Usuario\AppData\Roaming\npm;C:\Users\Usuario\AppData\Local\Android\Sdk\platform-tools;C:\Users\Usuario\flutter\bin;C:\Program Files\PostgreSQL\16\bin;
USERNAME=Usuario
OS=Windows_NT
PROCESSOR_IDENTIFIER=Intel64 Family 6 Model 142 Stepping 10, GenuineIntel
TMP=C:\Users\Usuario\AppData\Local\Temp
TEMP=C:\Users\Usuario\AppData\Local\Temp



Periodic native trim disabled


---------------  S Y S T E M  ---------------

OS:
 Windows 10 , 64 bit Build 19041 (10.0.19041.4597)
OS uptime: 0 days 20:16 hours

CPU: total 8 (initial active 8) (4 cores per cpu, 2 threads per core) family 6 model 142 stepping 10 microcode 0xb4, cx8, cmov, fxsr, ht, mmx, 3dnowpref, sse, sse2, sse3, ssse3, sse4.1, sse4.2, popcnt, lzcnt, tsc, tscinvbit, avx, avx2, aes, erms, clmul, bmi1, bmi2, adx, fma, vzeroupper, clflush, clflushopt
Processor Information for all 8 processors :
  Max Mhz: 1800, Current Mhz: 1600, Mhz Limit: 1584

Memory: 4k page, system-wide physical 8074M (1102M free)
TotalPageFile size 10122M (AvailPageFile size 490M)
current process WorkingSet (physical memory assigned to process): 182M, peak: 182M
current process commit charge ("private bytes"): 267M, peak: 268M

vm_info: OpenJDK 64-Bit Server VM (17.0.11+9) for windows-amd64 JRE (17.0.11+9), built on Apr 17 2024 06:07:48 by "admin" with MS VC++ 16.10 / 16.11 (VS2019)

END.
